<?xml version="1.0" encoding="UTF-8"?>
<robot generator="Robot 5.0 (Python 3.10.4 on win32)" generated="20220411 03:18:00.527" rpa="false" schemaversion="3">
<suite id="s1" name="Validalogin" source="C:\Users\leoyo\Desktop\TesteQA\tests\validalogin.robot">
<test id="s1-t1" name="Login Incorreto" line="8">
<kw name="Nova Sessão" library="base" type="SETUP">
<kw name="Open Browser" library="SeleniumLibrary">
<arg>${url}</arg>
<arg>chrome</arg>
<doc>Opens a new browser instance to the optional ``url``.</doc>
<msg timestamp="20220411 03:18:00.674" level="INFO">Opening browser 'chrome' to base url 'https://www.kabum.com.br'.</msg>
<status status="PASS" starttime="20220411 03:18:00.673" endtime="20220411 03:18:05.174"/>
</kw>
<status status="PASS" starttime="20220411 03:18:00.673" endtime="20220411 03:18:05.174"/>
</kw>
<kw name="Go To" library="SeleniumLibrary">
<arg>${url}/login</arg>
<doc>Navigates the current browser window to the provided ``url``.</doc>
<msg timestamp="20220411 03:18:05.175" level="INFO">Opening url 'https://www.kabum.com.br/login'</msg>
<status status="PASS" starttime="20220411 03:18:05.174" endtime="20220411 03:18:06.969"/>
</kw>
<kw name="Input Text" library="SeleniumLibrary">
<arg>css:input[id=inputUsuarioLogin]</arg>
<arg>Teste</arg>
<doc>Types the given ``text`` into the text field identified by ``locator``.</doc>
<msg timestamp="20220411 03:18:06.970" level="INFO">Typing text 'Teste' into text field 'css:input[id=inputUsuarioLogin]'.</msg>
<status status="PASS" starttime="20220411 03:18:06.970" endtime="20220411 03:18:07.041"/>
</kw>
<kw name="Input Text" library="SeleniumLibrary">
<arg>css:input[id=inputSenhaLogin]</arg>
<arg>teste123</arg>
<doc>Types the given ``text`` into the text field identified by ``locator``.</doc>
<msg timestamp="20220411 03:18:07.042" level="INFO">Typing text 'teste123' into text field 'css:input[id=inputSenhaLogin]'.</msg>
<status status="PASS" starttime="20220411 03:18:07.042" endtime="20220411 03:18:07.129"/>
</kw>
<kw name="Click Element" library="SeleniumLibrary">
<arg>css:button[id=botaoLogin]</arg>
<doc>Click the element identified by ``locator``.</doc>
<msg timestamp="20220411 03:18:07.130" level="INFO">Clicking element 'css:button[id=botaoLogin]'.</msg>
<status status="PASS" starttime="20220411 03:18:07.130" endtime="20220411 03:18:07.186"/>
</kw>
<kw name="Sleep" library="BuiltIn">
<arg>5</arg>
<doc>Pauses the test executed for the given time.</doc>
<msg timestamp="20220411 03:18:12.194" level="INFO">Slept 5 seconds</msg>
<status status="PASS" starttime="20220411 03:18:07.187" endtime="20220411 03:18:12.194"/>
</kw>
<kw name="Encerra Sessão" library="base" type="TEARDOWN">
<kw name="Close Browser" library="SeleniumLibrary">
<doc>Closes the current browser.</doc>
<status status="PASS" starttime="20220411 03:18:12.195" endtime="20220411 03:18:14.280"/>
</kw>
<status status="PASS" starttime="20220411 03:18:12.194" endtime="20220411 03:18:14.280"/>
</kw>
<status status="PASS" starttime="20220411 03:18:00.673" endtime="20220411 03:18:14.281"/>
</test>
<status status="PASS" starttime="20220411 03:18:00.528" endtime="20220411 03:18:14.281"/>
</suite>
<statistics>
<total>
<stat pass="1" fail="0" skip="0">All Tests</stat>
</total>
<tag>
</tag>
<suite>
<stat pass="1" fail="0" skip="0" id="s1" name="Validalogin">Validalogin</stat>
</suite>
</statistics>
<errors>
</errors>
</robot>
